<?xml version="1.0" encoding="UTF-8"?>
<!-- Generated by org.testng.reporters.JUnitReportReporter -->
<testsuite skipped="0" hostname="LAPTOP-E2EB4JCD" name="pkgInterview.AutomationInterviewAll.question3" tests="1" failures="0" timestamp="22 Jun 2020 12:44:55 GMT" time="20.575" errors="0">
  <testcase name="question3ATACalc" time="20.575" classname="pkgInterview.AutomationInterviewAll.question3"/>
</testsuite> <!-- pkgInterview.AutomationInterviewAll.question3 -->
