<?xml version="1.0" encoding="UTF-8"?>
<!-- Generated by org.testng.reporters.JUnitReportReporter -->
<testsuite skipped="0" hostname="LAPTOP-E2EB4JCD" name="pkgInterview.AutomationInterviewAll.question2" tests="1" failures="0" timestamp="20 Jun 2020 22:20:58 GMT" time="28.340" errors="0">
  <testcase name="question2QAAgility" time="28.340" classname="pkgInterview.AutomationInterviewAll.question2"/>
</testsuite> <!-- pkgInterview.AutomationInterviewAll.question2 -->
