<?xml version="1.0" encoding="UTF-8"?>
<!-- Generated by org.testng.reporters.JUnitReportReporter -->
<testsuite skipped="0" hostname="LAPTOP-E2EB4JCD" name="pkgInterview.AutomationInterviewAll.question1" tests="1" failures="0" timestamp="20 Jun 2020 22:05:00 GMT" time="28.711" errors="0">
  <testcase name="question1map" time="28.711" classname="pkgInterview.AutomationInterviewAll.question1"/>
</testsuite> <!-- pkgInterview.AutomationInterviewAll.question1 -->
